c:\users\alpha\desktop\behaviourtree\behaviourtree\x64\debug\vc142.pdb
c:\users\alpha\desktop\behaviourtree\behaviourtree\x64\debug\vc142.idb
c:\users\alpha\desktop\behaviourtree\behaviourtree\x64\debug\taskmanager.obj
c:\users\alpha\desktop\behaviourtree\behaviourtree\x64\debug\sequencetask.obj
c:\users\alpha\desktop\behaviourtree\behaviourtree\x64\debug\selectortask.obj
c:\users\alpha\desktop\behaviourtree\behaviourtree\x64\debug\parenttaskmanager.obj
c:\users\alpha\desktop\behaviourtree\behaviourtree\x64\debug\parenttask.obj
c:\users\alpha\desktop\behaviourtree\behaviourtree\x64\debug\leaftask.obj
c:\users\alpha\desktop\behaviourtree\behaviourtree\x64\debug\behaviourtree.obj
c:\users\alpha\desktop\behaviourtree\behaviourtree\x64\debug\playtask.obj
c:\users\alpha\desktop\behaviourtree\behaviourtree\x64\debug\idletask.obj
c:\users\alpha\desktop\behaviourtree\behaviourtree\x64\debug\eattask.obj
c:\users\alpha\desktop\behaviourtree\behaviourtree\x64\debug\blackboard.obj
c:\users\alpha\desktop\behaviourtree\behaviourtree\x64\debug\main.obj
c:\users\alpha\desktop\behaviourtree\x64\debug\behaviourtree.pdb
c:\users\alpha\desktop\behaviourtree\behaviourtree\x64\debug\behaviourtree.tlog\cl.command.1.tlog
c:\users\alpha\desktop\behaviourtree\behaviourtree\x64\debug\behaviourtree.tlog\cl.read.1.tlog
c:\users\alpha\desktop\behaviourtree\behaviourtree\x64\debug\behaviourtree.tlog\cl.write.1.tlog
c:\users\alpha\desktop\behaviourtree\behaviourtree\x64\debug\behaviourtree.tlog\link-cvtres.read.1.tlog
c:\users\alpha\desktop\behaviourtree\behaviourtree\x64\debug\behaviourtree.tlog\link-cvtres.write.1.tlog
c:\users\alpha\desktop\behaviourtree\behaviourtree\x64\debug\behaviourtree.tlog\link-rc.read.1.tlog
c:\users\alpha\desktop\behaviourtree\behaviourtree\x64\debug\behaviourtree.tlog\link-rc.write.1.tlog
c:\users\alpha\desktop\behaviourtree\behaviourtree\x64\debug\behaviourtree.tlog\link.command.1.tlog
c:\users\alpha\desktop\behaviourtree\behaviourtree\x64\debug\behaviourtree.tlog\link.read.1.tlog
c:\users\alpha\desktop\behaviourtree\behaviourtree\x64\debug\behaviourtree.tlog\link.write.1.tlog
